------------------------------------------------------------
/home/ubuntu/.virtualenvs/viclo/bin/pip run on Sun Jul  1 09:50:55 2012
Downloading/unpacking mysql

  Getting page http://pypi.python.org/simple/mysql
  Could not fetch URL http://pypi.python.org/simple/mysql: HTTP Error 404: Not Found (mysql does not have any releases)
  Will skip URL http://pypi.python.org/simple/mysql when looking for download links for mysql
  Getting page http://pypi.python.org/simple/
  URLs to search for versions for mysql:
  * http://pypi.python.org/simple/mysql/
  Getting page http://pypi.python.org/simple/mysql/
  Could not fetch URL http://pypi.python.org/simple/mysql/: HTTP Error 404: Not Found (mysql does not have any releases)
  Will skip URL http://pypi.python.org/simple/mysql/ when looking for download links for mysql
  Could not find any downloads that satisfy the requirement mysql

No distributions at all found for mysql

Exception information:
Traceback (most recent call last):
  File "/home/ubuntu/.virtualenvs/viclo/local/lib/python2.7/site-packages/pip-1.1-py2.7.egg/pip/basecommand.py", line 104, in main
    status = self.run(options, args)
  File "/home/ubuntu/.virtualenvs/viclo/local/lib/python2.7/site-packages/pip-1.1-py2.7.egg/pip/commands/install.py", line 245, in run
    requirement_set.prepare_files(finder, force_root_egg_info=self.bundle, bundle=self.bundle)
  File "/home/ubuntu/.virtualenvs/viclo/local/lib/python2.7/site-packages/pip-1.1-py2.7.egg/pip/req.py", line 978, in prepare_files
    url = finder.find_requirement(req_to_install, upgrade=self.upgrade)
  File "/home/ubuntu/.virtualenvs/viclo/local/lib/python2.7/site-packages/pip-1.1-py2.7.egg/pip/index.py", line 157, in find_requirement
    raise DistributionNotFound('No distributions at all found for %s' % req)
DistributionNotFound: No distributions at all found for mysql
