2012-06-28 08:04:15,376 DEBUG virtualenvwrapper.hook_loader Running initialize hooks
2012-06-28 08:04:15,430 INFO virtualenvwrapper.user_scripts creating /home/ubuntu/.virtualenvs/initialize
2012-06-28 08:04:15,431 INFO virtualenvwrapper.user_scripts creating /home/ubuntu/.virtualenvs/premkvirtualenv
2012-06-28 08:04:15,431 INFO virtualenvwrapper.user_scripts creating /home/ubuntu/.virtualenvs/postmkvirtualenv
2012-06-28 08:04:15,431 INFO virtualenvwrapper.user_scripts creating /home/ubuntu/.virtualenvs/prermvirtualenv
2012-06-28 08:04:15,432 INFO virtualenvwrapper.user_scripts creating /home/ubuntu/.virtualenvs/postrmvirtualenv
2012-06-28 08:04:15,432 INFO virtualenvwrapper.user_scripts creating /home/ubuntu/.virtualenvs/predeactivate
2012-06-28 08:04:15,432 INFO virtualenvwrapper.user_scripts creating /home/ubuntu/.virtualenvs/postdeactivate
2012-06-28 08:04:15,432 INFO virtualenvwrapper.user_scripts creating /home/ubuntu/.virtualenvs/preactivate
2012-06-28 08:04:15,433 INFO virtualenvwrapper.user_scripts creating /home/ubuntu/.virtualenvs/postactivate
2012-06-28 08:04:15,433 INFO virtualenvwrapper.user_scripts creating /home/ubuntu/.virtualenvs/get_env_details
2012-06-28 08:04:15,434 INFO virtualenvwrapper.user_scripts creating /home/ubuntu/.virtualenvs/premkproject
2012-06-28 08:04:15,434 INFO virtualenvwrapper.user_scripts creating /home/ubuntu/.virtualenvs/postmkproject
2012-06-28 08:04:15,434 INFO virtualenvwrapper.user_scripts creating /home/ubuntu/.virtualenvs/prermproject
2012-06-28 08:04:15,435 INFO virtualenvwrapper.user_scripts creating /home/ubuntu/.virtualenvs/postrmproject
2012-06-28 08:04:15,467 DEBUG virtualenvwrapper.hook_loader Saving sourcable initialize hooks to /tmp/virtualenvwrapper-initialize-hook-jwNLjEIOAw
2012-06-28 08:04:45,693 DEBUG virtualenvwrapper.hook_loader Running pre_mkvirtualenv hooks
2012-06-28 08:04:45,697 DEBUG virtualenvwrapper.user_scripts pre_mkvirtualenv ['viclo']
2012-06-28 08:04:45,697 INFO virtualenvwrapper.user_scripts creating /home/ubuntu/.virtualenvs/viclo/bin/predeactivate
2012-06-28 08:04:45,697 INFO virtualenvwrapper.user_scripts creating /home/ubuntu/.virtualenvs/viclo/bin/postdeactivate
2012-06-28 08:04:45,698 INFO virtualenvwrapper.user_scripts creating /home/ubuntu/.virtualenvs/viclo/bin/preactivate
2012-06-28 08:04:45,698 INFO virtualenvwrapper.user_scripts creating /home/ubuntu/.virtualenvs/viclo/bin/postactivate
2012-06-28 08:04:45,698 INFO virtualenvwrapper.user_scripts creating /home/ubuntu/.virtualenvs/viclo/bin/get_env_details
2012-06-28 08:04:45,699 DEBUG virtualenvwrapper.user_scripts running ['/home/ubuntu/.virtualenvs/premkvirtualenv', 'viclo']
2012-06-28 08:04:45,709 DEBUG virtualenvwrapper.hook_loader Saving sourcable pre_mkvirtualenv hooks to /tmp/virtualenvwrapper-pre_mkvirtualenv-hook-2dmjzX6TIH
2012-06-28 08:04:45,821 DEBUG virtualenvwrapper.hook_loader Running pre_activate hooks
2012-06-28 08:04:45,825 DEBUG virtualenvwrapper.user_scripts pre_activate
2012-06-28 08:04:45,825 DEBUG virtualenvwrapper.user_scripts running ['/home/ubuntu/.virtualenvs/preactivate', 'viclo']
2012-06-28 08:04:45,832 DEBUG virtualenvwrapper.user_scripts running ['/home/ubuntu/.virtualenvs/viclo/bin/preactivate', 'viclo']
2012-06-28 08:04:45,844 DEBUG virtualenvwrapper.hook_loader Saving sourcable pre_activate hooks to /tmp/virtualenvwrapper-pre_activate-hook-uAnegR3oMq
2012-06-28 08:04:45,996 DEBUG virtualenvwrapper.hook_loader Running post_activate hooks
2012-06-28 08:04:46,000 DEBUG virtualenvwrapper.hook_loader Saving sourcable post_activate hooks to /tmp/virtualenvwrapper-post_activate-hook-SdygfB9Wso
2012-06-28 08:04:46,003 DEBUG virtualenvwrapper.user_scripts post_activate
2012-06-28 08:04:46,111 DEBUG virtualenvwrapper.hook_loader Running post_mkvirtualenv hooks
2012-06-28 08:04:46,116 DEBUG virtualenvwrapper.hook_loader Saving sourcable post_mkvirtualenv hooks to /tmp/virtualenvwrapper-post_mkvirtualenv-hook-9vHKY6ALgA
2012-06-28 08:05:19,422 DEBUG virtualenvwrapper.hook_loader Running pre_deactivate hooks
2012-06-28 08:05:19,427 DEBUG virtualenvwrapper.hook_loader Saving sourcable pre_deactivate hooks to /tmp/virtualenvwrapper-pre_deactivate-hook-KFa7UaMEFO
2012-06-28 08:05:19,429 DEBUG virtualenvwrapper.user_scripts pre_deactivate
2012-06-28 08:05:19,545 DEBUG virtualenvwrapper.hook_loader Running post_deactivate hooks
2012-06-28 08:05:19,549 DEBUG virtualenvwrapper.hook_loader Saving sourcable post_deactivate hooks to /tmp/virtualenvwrapper-post_deactivate-hook-paCyUFIGUs
2012-06-28 08:05:19,552 DEBUG virtualenvwrapper.user_scripts post_deactivate
2012-06-28 08:05:19,688 DEBUG virtualenvwrapper.hook_loader Running pre_activate hooks
2012-06-28 08:05:19,692 DEBUG virtualenvwrapper.user_scripts pre_activate
2012-06-28 08:05:19,693 DEBUG virtualenvwrapper.user_scripts running ['/home/ubuntu/.virtualenvs/preactivate', 'viclo']
2012-06-28 08:05:19,700 DEBUG virtualenvwrapper.user_scripts running ['/home/ubuntu/.virtualenvs/viclo/bin/preactivate', 'viclo']
2012-06-28 08:05:19,710 DEBUG virtualenvwrapper.hook_loader Saving sourcable pre_activate hooks to /tmp/virtualenvwrapper-pre_activate-hook-dyjX7mdcLQ
2012-06-28 08:05:19,851 DEBUG virtualenvwrapper.hook_loader Running post_activate hooks
2012-06-28 08:05:19,855 DEBUG virtualenvwrapper.hook_loader Saving sourcable post_activate hooks to /tmp/virtualenvwrapper-post_activate-hook-ZDFb3ncDcl
2012-06-28 08:05:19,858 DEBUG virtualenvwrapper.user_scripts post_activate
2012-06-28 20:02:15,206 DEBUG virtualenvwrapper.hook_loader Running initialize hooks
2012-06-28 20:02:15,214 DEBUG virtualenvwrapper.hook_loader Saving sourcable initialize hooks to /tmp/virtualenvwrapper-initialize-hook-o9zAks0TKw
2012-06-28 20:29:29,066 DEBUG virtualenvwrapper.hook_loader Running pre_activate hooks
2012-06-28 20:29:29,070 DEBUG virtualenvwrapper.user_scripts pre_activate
2012-06-28 20:29:29,070 DEBUG virtualenvwrapper.user_scripts running ['/home/ubuntu/.virtualenvs/preactivate', 'viclo']
2012-06-28 20:29:29,108 DEBUG virtualenvwrapper.user_scripts running ['/home/ubuntu/.virtualenvs/viclo/bin/preactivate', 'viclo']
2012-06-28 20:29:29,119 DEBUG virtualenvwrapper.hook_loader Saving sourcable pre_activate hooks to /tmp/virtualenvwrapper-pre_activate-hook-DKxdt7yiNb
2012-06-28 20:29:29,277 DEBUG virtualenvwrapper.hook_loader Running post_activate hooks
2012-06-28 20:29:29,281 DEBUG virtualenvwrapper.hook_loader Saving sourcable post_activate hooks to /tmp/virtualenvwrapper-post_activate-hook-6FpvtQJdfz
2012-06-28 20:29:29,284 DEBUG virtualenvwrapper.user_scripts post_activate
2012-06-28 22:19:34,138 DEBUG virtualenvwrapper.hook_loader Running get_env_details hooks
2012-06-28 22:19:34,142 DEBUG virtualenvwrapper.user_scripts get_env_details
2012-06-28 22:19:34,142 DEBUG virtualenvwrapper.user_scripts running ['/home/ubuntu/.virtualenvs/get_env_details', 'viclo']
2012-06-28 22:19:34,150 DEBUG virtualenvwrapper.user_scripts running ['/home/ubuntu/.virtualenvs/viclo/bin/get_env_details', 'viclo']
2012-06-28 22:19:34,160 DEBUG virtualenvwrapper.hook_loader Saving sourcable get_env_details hooks to /tmp/virtualenvwrapper-get_env_details-hook-cIXl0hgO4s
2012-06-29 01:14:00,853 DEBUG virtualenvwrapper.hook_loader Running initialize hooks
2012-06-29 01:14:00,861 DEBUG virtualenvwrapper.hook_loader Saving sourcable initialize hooks to /tmp/virtualenvwrapper-initialize-hook-1Fa6tGmXFX
2012-06-29 01:55:42,461 DEBUG virtualenvwrapper.hook_loader Running pre_activate hooks
2012-06-29 01:55:42,465 DEBUG virtualenvwrapper.user_scripts pre_activate
2012-06-29 01:55:42,466 DEBUG virtualenvwrapper.user_scripts running ['/home/ubuntu/.virtualenvs/preactivate', 'viclo']
2012-06-29 01:55:42,472 DEBUG virtualenvwrapper.user_scripts running ['/home/ubuntu/.virtualenvs/viclo/bin/preactivate', 'viclo']
2012-06-29 01:55:42,483 DEBUG virtualenvwrapper.hook_loader Saving sourcable pre_activate hooks to /tmp/virtualenvwrapper-pre_activate-hook-1EcWSA6gGY
2012-06-29 01:55:42,621 DEBUG virtualenvwrapper.hook_loader Running post_activate hooks
2012-06-29 01:55:42,625 DEBUG virtualenvwrapper.hook_loader Saving sourcable post_activate hooks to /tmp/virtualenvwrapper-post_activate-hook-9F5KevQf0i
2012-06-29 01:55:42,628 DEBUG virtualenvwrapper.user_scripts post_activate
